[debug] [2025-02-09T10:36:53.356Z] ----------------------------------------------------------------------
[debug] [2025-02-09T10:36:53.358Z] Command:       /Users/saileshsirari/.nvm/versions/node/v20.15.1/bin/node /Users/saileshsirari/.nvm/versions/node/v20.15.1/bin/firebase deploy --only functions:api
[debug] [2025-02-09T10:36:53.358Z] CLI Version:   13.30.0
[debug] [2025-02-09T10:36:53.358Z] Platform:      darwin
[debug] [2025-02-09T10:36:53.358Z] Node Version:  v20.15.1
[debug] [2025-02-09T10:36:53.359Z] Time:          Sun Feb 09 2025 16:06:53 GMT+0530 (India Standard Time)
[debug] [2025-02-09T10:36:53.359Z] ----------------------------------------------------------------------
[debug] 
[debug] [2025-02-09T10:36:53.460Z] > command requires scopes: ["email","openid","https://www.googleapis.com/auth/cloudplatformprojects.readonly","https://www.googleapis.com/auth/firebase","https://www.googleapis.com/auth/cloud-platform"]
[debug] [2025-02-09T10:36:53.460Z] > authorizing via signed-in user (sailesh.sirari@gmail.com)
[debug] [2025-02-09T10:36:53.460Z] [iam] checking project music-ed5da for permissions ["cloudfunctions.functions.create","cloudfunctions.functions.delete","cloudfunctions.functions.get","cloudfunctions.functions.list","cloudfunctions.functions.update","cloudfunctions.operations.get","firebase.projects.get"]
[debug] [2025-02-09T10:36:53.460Z] Checked if tokens are valid: true, expires at: 1739099924957
[debug] [2025-02-09T10:36:53.460Z] Checked if tokens are valid: true, expires at: 1739099924957
[debug] [2025-02-09T10:36:53.461Z] >>> [apiv2][query] POST https://cloudresourcemanager.googleapis.com/v1/projects/music-ed5da:testIamPermissions [none]
[debug] [2025-02-09T10:36:53.461Z] >>> [apiv2][(partial)header] POST https://cloudresourcemanager.googleapis.com/v1/projects/music-ed5da:testIamPermissions x-goog-quota-user=projects/music-ed5da
[debug] [2025-02-09T10:36:53.461Z] >>> [apiv2][body] POST https://cloudresourcemanager.googleapis.com/v1/projects/music-ed5da:testIamPermissions {"permissions":["cloudfunctions.functions.create","cloudfunctions.functions.delete","cloudfunctions.functions.get","cloudfunctions.functions.list","cloudfunctions.functions.update","cloudfunctions.operations.get","firebase.projects.get"]}
[debug] [2025-02-09T10:36:55.556Z] <<< [apiv2][status] POST https://cloudresourcemanager.googleapis.com/v1/projects/music-ed5da:testIamPermissions 200
[debug] [2025-02-09T10:36:55.557Z] <<< [apiv2][body] POST https://cloudresourcemanager.googleapis.com/v1/projects/music-ed5da:testIamPermissions {"permissions":["cloudfunctions.functions.create","cloudfunctions.functions.delete","cloudfunctions.functions.get","cloudfunctions.functions.list","cloudfunctions.functions.update","cloudfunctions.operations.get","firebase.projects.get"]}
[debug] [2025-02-09T10:36:55.557Z] Checked if tokens are valid: true, expires at: 1739099924957
[debug] [2025-02-09T10:36:55.557Z] Checked if tokens are valid: true, expires at: 1739099924957
[debug] [2025-02-09T10:36:55.557Z] >>> [apiv2][query] POST https://iam.googleapis.com/v1/projects/music-ed5da/serviceAccounts/music-ed5da@appspot.gserviceaccount.com:testIamPermissions [none]
[debug] [2025-02-09T10:36:55.557Z] >>> [apiv2][body] POST https://iam.googleapis.com/v1/projects/music-ed5da/serviceAccounts/music-ed5da@appspot.gserviceaccount.com:testIamPermissions {"permissions":["iam.serviceAccounts.actAs"]}
[debug] [2025-02-09T10:36:57.604Z] <<< [apiv2][status] POST https://iam.googleapis.com/v1/projects/music-ed5da/serviceAccounts/music-ed5da@appspot.gserviceaccount.com:testIamPermissions 200
[debug] [2025-02-09T10:36:57.604Z] <<< [apiv2][body] POST https://iam.googleapis.com/v1/projects/music-ed5da/serviceAccounts/music-ed5da@appspot.gserviceaccount.com:testIamPermissions {"permissions":["iam.serviceAccounts.actAs"]}
[info] 
[info] === Deploying to 'music-ed5da'...
[info] 
[info] i  deploying functions 
[info] Running command: npm --prefix "$RESOURCE_DIR" run lint
[info] ✔  functions: Finished running predeploy script. 
[debug] [2025-02-09T10:36:58.110Z] Checked if tokens are valid: true, expires at: 1739099924957
[debug] [2025-02-09T10:36:58.110Z] Checked if tokens are valid: true, expires at: 1739099924957
[debug] [2025-02-09T10:36:58.110Z] >>> [apiv2][query] GET https://cloudresourcemanager.googleapis.com/v1/projects/music-ed5da [none]
[debug] [2025-02-09T10:36:58.520Z] <<< [apiv2][status] GET https://cloudresourcemanager.googleapis.com/v1/projects/music-ed5da 200
[debug] [2025-02-09T10:36:58.520Z] <<< [apiv2][body] GET https://cloudresourcemanager.googleapis.com/v1/projects/music-ed5da {"projectNumber":"90511390645","projectId":"music-ed5da","lifecycleState":"ACTIVE","name":"Music","labels":{"firebase":"enabled"},"createTime":"2022-02-15T14:15:52.027Z"}
[info] i  functions: preparing codebase default for deployment 
[info] i  functions: ensuring required API cloudfunctions.googleapis.com is enabled... 
[debug] [2025-02-09T10:36:58.521Z] Checked if tokens are valid: true, expires at: 1739099924957
[debug] [2025-02-09T10:36:58.522Z] Checked if tokens are valid: true, expires at: 1739099924957
[debug] [2025-02-09T10:36:58.522Z] Checked if tokens are valid: true, expires at: 1739099924957
[debug] [2025-02-09T10:36:58.522Z] Checked if tokens are valid: true, expires at: 1739099924957
[info] i  functions: ensuring required API cloudbuild.googleapis.com is enabled... 
[debug] [2025-02-09T10:36:58.522Z] Checked if tokens are valid: true, expires at: 1739099924957
[debug] [2025-02-09T10:36:58.522Z] Checked if tokens are valid: true, expires at: 1739099924957
[info] i  artifactregistry: ensuring required API artifactregistry.googleapis.com is enabled... 
[debug] [2025-02-09T10:36:58.522Z] Checked if tokens are valid: true, expires at: 1739099924957
[debug] [2025-02-09T10:36:58.522Z] Checked if tokens are valid: true, expires at: 1739099924957
[debug] [2025-02-09T10:36:58.522Z] >>> [apiv2][query] GET https://serviceusage.googleapis.com/v1/projects/music-ed5da/services/cloudfunctions.googleapis.com [none]
[debug] [2025-02-09T10:36:58.522Z] >>> [apiv2][(partial)header] GET https://serviceusage.googleapis.com/v1/projects/music-ed5da/services/cloudfunctions.googleapis.com x-goog-quota-user=projects/music-ed5da
[debug] [2025-02-09T10:36:58.523Z] >>> [apiv2][query] GET https://serviceusage.googleapis.com/v1/projects/music-ed5da/services/runtimeconfig.googleapis.com [none]
[debug] [2025-02-09T10:36:58.523Z] >>> [apiv2][(partial)header] GET https://serviceusage.googleapis.com/v1/projects/music-ed5da/services/runtimeconfig.googleapis.com x-goog-quota-user=projects/music-ed5da
[debug] [2025-02-09T10:36:58.524Z] >>> [apiv2][query] GET https://serviceusage.googleapis.com/v1/projects/music-ed5da/services/cloudbuild.googleapis.com [none]
[debug] [2025-02-09T10:36:58.524Z] >>> [apiv2][(partial)header] GET https://serviceusage.googleapis.com/v1/projects/music-ed5da/services/cloudbuild.googleapis.com x-goog-quota-user=projects/music-ed5da
[debug] [2025-02-09T10:36:58.524Z] >>> [apiv2][query] GET https://serviceusage.googleapis.com/v1/projects/music-ed5da/services/artifactregistry.googleapis.com [none]
[debug] [2025-02-09T10:36:58.524Z] >>> [apiv2][(partial)header] GET https://serviceusage.googleapis.com/v1/projects/music-ed5da/services/artifactregistry.googleapis.com x-goog-quota-user=projects/music-ed5da
[debug] [2025-02-09T10:37:00.630Z] <<< [apiv2][status] GET https://serviceusage.googleapis.com/v1/projects/music-ed5da/services/cloudfunctions.googleapis.com 200
[debug] [2025-02-09T10:37:00.630Z] <<< [apiv2][body] GET https://serviceusage.googleapis.com/v1/projects/music-ed5da/services/cloudfunctions.googleapis.com [omitted]
[info] ✔  functions: required API cloudfunctions.googleapis.com is enabled 
[debug] [2025-02-09T10:37:00.649Z] <<< [apiv2][status] GET https://serviceusage.googleapis.com/v1/projects/music-ed5da/services/runtimeconfig.googleapis.com 200
[debug] [2025-02-09T10:37:00.649Z] <<< [apiv2][body] GET https://serviceusage.googleapis.com/v1/projects/music-ed5da/services/runtimeconfig.googleapis.com [omitted]
[debug] [2025-02-09T10:37:00.649Z] <<< [apiv2][status] GET https://serviceusage.googleapis.com/v1/projects/music-ed5da/services/cloudbuild.googleapis.com 200
[debug] [2025-02-09T10:37:00.649Z] <<< [apiv2][body] GET https://serviceusage.googleapis.com/v1/projects/music-ed5da/services/cloudbuild.googleapis.com [omitted]
[info] ✔  functions: required API cloudbuild.googleapis.com is enabled 
[debug] [2025-02-09T10:37:00.677Z] <<< [apiv2][status] GET https://serviceusage.googleapis.com/v1/projects/music-ed5da/services/artifactregistry.googleapis.com 200
[debug] [2025-02-09T10:37:00.677Z] <<< [apiv2][body] GET https://serviceusage.googleapis.com/v1/projects/music-ed5da/services/artifactregistry.googleapis.com [omitted]
[info] ✔  artifactregistry: required API artifactregistry.googleapis.com is enabled 
[debug] [2025-02-09T10:37:00.677Z] Checked if tokens are valid: true, expires at: 1739099924957
[debug] [2025-02-09T10:37:00.678Z] Checked if tokens are valid: true, expires at: 1739099924957
[debug] [2025-02-09T10:37:00.678Z] >>> [apiv2][query] GET https://firebase.googleapis.com/v1beta1/projects/music-ed5da/adminSdkConfig [none]
[debug] [2025-02-09T10:37:01.397Z] <<< [apiv2][status] GET https://firebase.googleapis.com/v1beta1/projects/music-ed5da/adminSdkConfig 200
[debug] [2025-02-09T10:37:01.397Z] <<< [apiv2][body] GET https://firebase.googleapis.com/v1beta1/projects/music-ed5da/adminSdkConfig {"projectId":"music-ed5da","storageBucket":"music-ed5da.firebasestorage.app"}
[debug] [2025-02-09T10:37:01.398Z] Checked if tokens are valid: true, expires at: 1739099924957
[debug] [2025-02-09T10:37:01.398Z] Checked if tokens are valid: true, expires at: 1739099924957
[debug] [2025-02-09T10:37:01.398Z] >>> [apiv2][query] GET https://runtimeconfig.googleapis.com/v1beta1/projects/music-ed5da/configs [none]
[debug] [2025-02-09T10:37:02.122Z] <<< [apiv2][status] GET https://runtimeconfig.googleapis.com/v1beta1/projects/music-ed5da/configs 200
[debug] [2025-02-09T10:37:02.123Z] <<< [apiv2][body] GET https://runtimeconfig.googleapis.com/v1beta1/projects/music-ed5da/configs {}
[debug] [2025-02-09T10:37:02.125Z] Validating nodejs source
[debug] [2025-02-09T10:37:02.900Z] > [functions] package.json contents: {
  "name": "functions",
  "description": "Cloud Functions for Firebase",
  "scripts": {
    "lint": "eslint .",
    "serve": "firebase emulators:start --only functions",
    "shell": "firebase functions:shell",
    "start": "npm run shell",
    "deploy": "firebase deploy --only functions",
    "logs": "firebase functions:log"
  },
  "engines": {
    "node": "22"
  },
  "main": "index.js",
  "dependencies": {
    "firebase-admin": "^12.6.0",
    "firebase-functions": "^6.0.1"
  },
  "devDependencies": {
    "eslint": "^8.15.0",
    "eslint-config-google": "^0.14.0",
    "firebase-functions-test": "^3.1.0"
  },
  "private": true
}
[debug] [2025-02-09T10:37:02.900Z] Building nodejs source
[info] i  functions: Loading and analyzing source code for codebase default to determine what to deploy 
[debug] [2025-02-09T10:37:02.902Z] Could not find functions.yaml. Must use http discovery
[debug] [2025-02-09T10:37:02.909Z] Found firebase-functions binary at '/Users/saileshsirari/Documents/GitHub/social-media-app/functions/node_modules/.bin/firebase-functions'
[info] Serving at port 8873

[info] Your port is undefined

[info] MongoDB connected

[error] (node:35537) [MONGOOSE] DeprecationWarning: Mongoose: the `strictQuery` option will be switched back to `false` by default in Mongoose 7. Use `mongoose.set('strictQuery', false);` if you want to prepare for this change. Or use `mongoose.set('strictQuery', true);` to suppress this warning.
(Use `node --trace-deprecation ...` to show where the warning was created)

[error] node:events:497
      throw er; // Unhandled 'error' event
      ^

Error: listen EADDRINUSE: address already in use :::8873
    at Server.setupListenHandle [as _listen2] (node:net:1898:16)
    at listenInCluster (node:net:1946:12)
    at Server.listen (node:net:2044:7)
    at Object.<anonymous> (/Users/saileshsirari/Documents/GitHub/social-media-app/server.js:54:12)
    at Module._compile (node:internal/modules/cjs/loader:1358:14)
    at Module._extensions..js (node:internal/modules/cjs/loader:1416:10)
    at Module.load (node:internal/modules/cjs/loader:1208:32)
    at Module._load (node:internal/modules/cjs/loader:1024:12)
    at Module.require (node:internal/modules/cjs/loader:1233:19)
    at require (node:internal/modules/helpers:179:18)
Emitted 'error' event on Server instance at:
    at emitErrorNT (node:net:1925:8)
    at process.processTicksAndRejections (node:internal/process/task_queues:82:21) {
  code: 'EADDRINUSE',
  errno: -48,
  syscall: 'listen',
  address: '::',
  port: 8873
}

Node.js v20.15.1

[debug] [2025-02-09T10:37:03.451Z] Failed to call quitquitquit. This often means the server failed to start request to http://localhost:8873/__/quitquitquit failed, reason:  {"message":"request to http://localhost:8873/__/quitquitquit failed, reason: ","type":"system","errno":"ECONNREFUSED","code":"ECONNREFUSED"}
[debug] [2025-02-09T10:37:04.290Z] FetchError: request to http://127.0.0.1:8873/__/functions.yaml failed, reason: socket hang up
    at ClientRequest.<anonymous> (/Users/saileshsirari/.nvm/versions/node/v20.15.1/lib/node_modules/firebase-tools/node_modules/node-fetch/lib/index.js:1501:11)
    at ClientRequest.emit (node:events:519:28)
    at ClientRequest.emit (node:domain:488:12)
    at Socket.socketOnEnd (node:_http_client:524:9)
    at Socket.emit (node:events:531:35)
    at Socket.emit (node:domain:488:12)
    at endReadableNT (node:internal/streams/readable:1696:12)
    at process.processTicksAndRejections (node:internal/process/task_queues:82:21)
[error] 
[error] Error: An unexpected error has occurred.
